{"C:\\Users\\user\\Desktop\\task-3-habit-tracker\\src\\lib\\auth.ts": {"path":"C:\\Users\\user\\Desktop\\task-3-habit-tracker\\src\\lib\\auth.ts","statementMap":{"0":{"start":{"line":5,"column":1},"end":{"line":5,"column":null}},"1":{"start":{"line":12,"column":1},"end":{"line":13,"column":null}},"2":{"start":{"line":13,"column":2},"end":{"line":13,"column":null}},"3":{"start":{"line":17,"column":1},"end":{"line":18,"column":null}},"4":{"start":{"line":18,"column":2},"end":{"line":18,"column":null}},"5":{"start":{"line":21,"column":7},"end":{"line":21,"column":28}},"6":{"start":{"line":22,"column":1},"end":{"line":23,"column":null}},"7":{"start":{"line":22,"column":25},"end":{"line":22,"column":45}},"8":{"start":{"line":23,"column":2},"end":{"line":23,"column":null}},"9":{"start":{"line":26,"column":14},"end":{"line":31,"column":null}},"10":{"start":{"line":32,"column":1},"end":{"line":32,"column":null}},"11":{"start":{"line":34,"column":26},"end":{"line":37,"column":null}},"12":{"start":{"line":38,"column":1},"end":{"line":38,"column":null}},"13":{"start":{"line":40,"column":1},"end":{"line":40,"column":null}},"14":{"start":{"line":47,"column":7},"end":{"line":47,"column":28}},"15":{"start":{"line":50,"column":1},"end":{"line":51,"column":null}},"16":{"start":{"line":51,"column":2},"end":{"line":51,"column":null}},"17":{"start":{"line":54,"column":19},"end":{"line":55,"column":null}},"18":{"start":{"line":55,"column":11},"end":{"line":55,"column":null}},"19":{"start":{"line":58,"column":1},"end":{"line":59,"column":null}},"20":{"start":{"line":59,"column":2},"end":{"line":59,"column":null}},"21":{"start":{"line":62,"column":26},"end":{"line":65,"column":null}},"22":{"start":{"line":67,"column":1},"end":{"line":67,"column":null}},"23":{"start":{"line":69,"column":1},"end":{"line":72,"column":null}},"24":{"start":{"line":76,"column":1},"end":{"line":76,"column":null}}},"fnMap":{"0":{"name":"isValidEmail","decl":{"start":{"line":4,"column":9},"end":{"line":4,"column":22}},"loc":{"start":{"line":4,"column":46},"end":{"line":5,"column":null}},"line":4},"1":{"name":"signup","decl":{"start":{"line":8,"column":16},"end":{"line":8,"column":null}},"loc":{"start":{"line":11,"column":75},"end":{"line":40,"column":null}},"line":11},"2":{"name":"(anonymous_2)","decl":{"start":{"line":22,"column":11},"end":{"line":22,"column":17}},"loc":{"start":{"line":22,"column":25},"end":{"line":22,"column":45}},"line":22},"3":{"name":"login","decl":{"start":{"line":43,"column":16},"end":{"line":43,"column":null}},"loc":{"start":{"line":46,"column":75},"end":{"line":72,"column":null}},"line":46},"4":{"name":"(anonymous_4)","decl":{"start":{"line":54,"column":25},"end":{"line":54,"column":null}},"loc":{"start":{"line":55,"column":11},"end":{"line":55,"column":null}},"line":55},"5":{"name":"logout","decl":{"start":{"line":75,"column":16},"end":{"line":75,"column":31}},"loc":{"start":{"line":75,"column":31},"end":{"line":76,"column":null}},"line":75}},"branchMap":{"0":{"loc":{"start":{"line":12,"column":1},"end":{"line":13,"column":null}},"type":"if","locations":[{"start":{"line":12,"column":1},"end":{"line":13,"column":null}},{"start":{},"end":{}}],"line":12},"1":{"loc":{"start":{"line":12,"column":5},"end":{"line":12,"column":50}},"type":"binary-expr","locations":[{"start":{"line":12,"column":5},"end":{"line":12,"column":27}},{"start":{"line":12,"column":27},"end":{"line":12,"column":50}}],"line":12},"2":{"loc":{"start":{"line":17,"column":1},"end":{"line":18,"column":null}},"type":"if","locations":[{"start":{"line":17,"column":1},"end":{"line":18,"column":null}},{"start":{},"end":{}}],"line":17},"3":{"loc":{"start":{"line":22,"column":1},"end":{"line":23,"column":null}},"type":"if","locations":[{"start":{"line":22,"column":1},"end":{"line":23,"column":null}},{"start":{},"end":{}}],"line":22},"4":{"loc":{"start":{"line":50,"column":1},"end":{"line":51,"column":null}},"type":"if","locations":[{"start":{"line":50,"column":1},"end":{"line":51,"column":null}},{"start":{},"end":{}}],"line":50},"5":{"loc":{"start":{"line":55,"column":11},"end":{"line":55,"column":null}},"type":"binary-expr","locations":[{"start":{"line":55,"column":11},"end":{"line":55,"column":34}},{"start":{"line":55,"column":34},"end":{"line":55,"column":null}}],"line":55},"6":{"loc":{"start":{"line":58,"column":1},"end":{"line":59,"column":null}},"type":"if","locations":[{"start":{"line":58,"column":1},"end":{"line":59,"column":null}},{"start":{},"end":{}}],"line":58}},"s":{"0":4,"1":2,"2":0,"3":2,"4":0,"5":2,"6":2,"7":1,"8":1,"9":1,"10":1,"11":1,"12":1,"13":1,"14":2,"15":2,"16":0,"17":2,"18":2,"19":2,"20":1,"21":1,"22":1,"23":1,"24":0},"f":{"0":4,"1":2,"2":1,"3":2,"4":2,"5":0},"b":{"0":[0,2],"1":[2,2],"2":[0,2],"3":[1,1],"4":[0,2],"5":[2,2],"6":[1,1]},"meta":{"lastBranch":7,"lastFunction":6,"lastStatement":25,"seen":{"f:4:9:4:22":0,"s:5:1:5:Infinity":0,"f:8:16:8:Infinity":1,"b:12:1:13:Infinity:undefined:undefined:undefined:undefined":0,"s:12:1:13:Infinity":1,"b:12:5:12:27:12:27:12:50":1,"s:13:2:13:Infinity":2,"b:17:1:18:Infinity:undefined:undefined:undefined:undefined":2,"s:17:1:18:Infinity":3,"s:18:2:18:Infinity":4,"s:21:7:21:28":5,"b:22:1:23:Infinity:undefined:undefined:undefined:undefined":3,"s:22:1:23:Infinity":6,"f:22:11:22:17":2,"s:22:25:22:45":7,"s:23:2:23:Infinity":8,"s:26:14:31:Infinity":9,"s:32:1:32:Infinity":10,"s:34:26:37:Infinity":11,"s:38:1:38:Infinity":12,"s:40:1:40:Infinity":13,"f:43:16:43:Infinity":3,"s:47:7:47:28":14,"b:50:1:51:Infinity:undefined:undefined:undefined:undefined":4,"s:50:1:51:Infinity":15,"s:51:2:51:Infinity":16,"s:54:19:55:Infinity":17,"f:54:25:54:Infinity":4,"s:55:11:55:Infinity":18,"b:55:11:55:34:55:34:55:Infinity":5,"b:58:1:59:Infinity:undefined:undefined:undefined:undefined":6,"s:58:1:59:Infinity":19,"s:59:2:59:Infinity":20,"s:62:26:65:Infinity":21,"s:67:1:67:Infinity":22,"s:69:1:72:Infinity":23,"f:75:16:75:31":5,"s:76:1:76:Infinity":24}}}
,"C:\\Users\\user\\Desktop\\task-3-habit-tracker\\src\\lib\\constants.ts": {"path":"C:\\Users\\user\\Desktop\\task-3-habit-tracker\\src\\lib\\constants.ts","statementMap":{"0":{"start":{"line":1,"column":27},"end":{"line":5,"column":null}}},"fnMap":{},"branchMap":{},"s":{"0":3},"f":{},"b":{},"meta":{"lastBranch":0,"lastFunction":0,"lastStatement":1,"seen":{"s:1:27:5:Infinity":0}}}
,"C:\\Users\\user\\Desktop\\task-3-habit-tracker\\src\\lib\\habits.ts": {"path":"C:\\Users\\user\\Desktop\\task-3-habit-tracker\\src\\lib\\habits.ts","statementMap":{"0":{"start":{"line":5,"column":20},"end":{"line":5,"column":null}},"1":{"start":{"line":7,"column":22},"end":{"line":7,"column":44}},"2":{"start":{"line":9,"column":1},"end":{"line":12,"column":null}},"3":{"start":{"line":10,"column":2},"end":{"line":10,"column":null}},"4":{"start":{"line":12,"column":2},"end":{"line":12,"column":null}},"5":{"start":{"line":12,"column":50},"end":{"line":12,"column":69}},"6":{"start":{"line":14,"column":1},"end":{"line":14,"column":null}},"7":{"start":{"line":18,"column":7},"end":{"line":18,"column":37}},"8":{"start":{"line":19,"column":1},"end":{"line":19,"column":null}},"9":{"start":{"line":19,"column":19},"end":{"line":19,"column":null}},"10":{"start":{"line":21,"column":15},"end":{"line":29,"column":null}},"11":{"start":{"line":31,"column":7},"end":{"line":31,"column":27}},"12":{"start":{"line":32,"column":1},"end":{"line":32,"column":null}},"13":{"start":{"line":33,"column":1},"end":{"line":33,"column":null}},"14":{"start":{"line":37,"column":7},"end":{"line":37,"column":37}},"15":{"start":{"line":39,"column":1},"end":{"line":39,"column":null}},"16":{"start":{"line":39,"column":19},"end":{"line":39,"column":null}},"17":{"start":{"line":41,"column":7},"end":{"line":41,"column":30}},"18":{"start":{"line":42,"column":20},"end":{"line":43,"column":null}},"19":{"start":{"line":43,"column":11},"end":{"line":43,"column":null}},"20":{"start":{"line":46,"column":1},"end":{"line":46,"column":null}},"21":{"start":{"line":54,"column":7},"end":{"line":54,"column":30}},"22":{"start":{"line":56,"column":20},"end":{"line":56,"column":62}},"23":{"start":{"line":56,"column":49},"end":{"line":56,"column":62}},"24":{"start":{"line":57,"column":1},"end":{"line":57,"column":null}},"25":{"start":{"line":57,"column":24},"end":{"line":57,"column":null}},"26":{"start":{"line":59,"column":17},"end":{"line":63,"column":null}},"27":{"start":{"line":65,"column":1},"end":{"line":65,"column":null}},"28":{"start":{"line":66,"column":1},"end":{"line":66,"column":null}},"29":{"start":{"line":68,"column":1},"end":{"line":68,"column":null}},"30":{"start":{"line":72,"column":7},"end":{"line":72,"column":30}},"31":{"start":{"line":74,"column":1},"end":{"line":74,"column":null}},"32":{"start":{"line":74,"column":38},"end":{"line":74,"column":52}},"33":{"start":{"line":78,"column":7},"end":{"line":78,"column":30}},"34":{"start":{"line":79,"column":20},"end":{"line":79,"column":62}},"35":{"start":{"line":79,"column":49},"end":{"line":79,"column":62}},"36":{"start":{"line":80,"column":1},"end":{"line":80,"column":null}},"37":{"start":{"line":80,"column":23},"end":{"line":80,"column":null}},"38":{"start":{"line":82,"column":17},"end":{"line":82,"column":67}},"39":{"start":{"line":83,"column":1},"end":{"line":83,"column":null}},"40":{"start":{"line":85,"column":1},"end":{"line":85,"column":null}}},"fnMap":{"0":{"name":"toggleHabitCompletion","decl":{"start":{"line":4,"column":16},"end":{"line":4,"column":38}},"loc":{"start":{"line":4,"column":73},"end":{"line":14,"column":null}},"line":4},"1":{"name":"(anonymous_1)","decl":{"start":{"line":12,"column":34},"end":{"line":12,"column":42}},"loc":{"start":{"line":12,"column":50},"end":{"line":12,"column":69}},"line":12},"2":{"name":"createHabit","decl":{"start":{"line":17,"column":16},"end":{"line":17,"column":28}},"loc":{"start":{"line":17,"column":70},"end":{"line":33,"column":null}},"line":17},"3":{"name":"getUserHabits","decl":{"start":{"line":36,"column":16},"end":{"line":36,"column":41}},"loc":{"start":{"line":36,"column":41},"end":{"line":46,"column":null}},"line":36},"4":{"name":"(anonymous_4)","decl":{"start":{"line":42,"column":30},"end":{"line":42,"column":null}},"loc":{"start":{"line":43,"column":11},"end":{"line":43,"column":null}},"line":43},"5":{"name":"updateHabit","decl":{"start":{"line":49,"column":16},"end":{"line":49,"column":null}},"loc":{"start":{"line":53,"column":16},"end":{"line":68,"column":null}},"line":53},"6":{"name":"(anonymous_6)","decl":{"start":{"line":56,"column":30},"end":{"line":56,"column":41}},"loc":{"start":{"line":56,"column":49},"end":{"line":56,"column":62}},"line":56},"7":{"name":"deleteHabit","decl":{"start":{"line":71,"column":16},"end":{"line":71,"column":28}},"loc":{"start":{"line":71,"column":46},"end":{"line":74,"column":null}},"line":71},"8":{"name":"(anonymous_8)","decl":{"start":{"line":74,"column":22},"end":{"line":74,"column":30}},"loc":{"start":{"line":74,"column":38},"end":{"line":74,"column":52}},"line":74},"9":{"name":"completeHabit","decl":{"start":{"line":77,"column":16},"end":{"line":77,"column":30}},"loc":{"start":{"line":77,"column":62},"end":{"line":85,"column":null}},"line":77},"10":{"name":"(anonymous_10)","decl":{"start":{"line":79,"column":30},"end":{"line":79,"column":41}},"loc":{"start":{"line":79,"column":49},"end":{"line":79,"column":62}},"line":79}},"branchMap":{"0":{"loc":{"start":{"line":9,"column":1},"end":{"line":12,"column":null}},"type":"if","locations":[{"start":{"line":9,"column":1},"end":{"line":12,"column":null}},{"start":{"line":11,"column":8},"end":{"line":12,"column":null}}],"line":9},"1":{"loc":{"start":{"line":19,"column":1},"end":{"line":19,"column":null}},"type":"if","locations":[{"start":{"line":19,"column":1},"end":{"line":19,"column":null}},{"start":{},"end":{}}],"line":19},"2":{"loc":{"start":{"line":39,"column":1},"end":{"line":39,"column":null}},"type":"if","locations":[{"start":{"line":39,"column":1},"end":{"line":39,"column":null}},{"start":{},"end":{}}],"line":39},"3":{"loc":{"start":{"line":57,"column":1},"end":{"line":57,"column":null}},"type":"if","locations":[{"start":{"line":57,"column":1},"end":{"line":57,"column":null}},{"start":{},"end":{}}],"line":57},"4":{"loc":{"start":{"line":80,"column":1},"end":{"line":80,"column":null}},"type":"if","locations":[{"start":{"line":80,"column":1},"end":{"line":80,"column":null}},{"start":{},"end":{}}],"line":80}},"s":{"0":5,"1":5,"2":5,"3":3,"4":2,"5":6,"6":5,"7":1,"8":1,"9":0,"10":1,"11":1,"12":1,"13":1,"14":7,"15":7,"16":0,"17":7,"18":7,"19":7,"20":7,"21":1,"22":1,"23":1,"24":1,"25":0,"26":1,"27":1,"28":1,"29":1,"30":1,"31":1,"32":1,"33":0,"34":0,"35":0,"36":0,"37":0,"38":0,"39":0,"40":0},"f":{"0":5,"1":6,"2":1,"3":7,"4":7,"5":1,"6":1,"7":1,"8":1,"9":0,"10":0},"b":{"0":[3,2],"1":[0,1],"2":[0,7],"3":[0,1],"4":[0,0]},"meta":{"lastBranch":5,"lastFunction":11,"lastStatement":41,"seen":{"f:4:16:4:38":0,"s:5:20:5:Infinity":0,"s:7:22:7:44":1,"b:9:1:12:Infinity:11:8:12:Infinity":0,"s:9:1:12:Infinity":2,"s:10:2:10:Infinity":3,"s:12:2:12:Infinity":4,"f:12:34:12:42":1,"s:12:50:12:69":5,"s:14:1:14:Infinity":6,"f:17:16:17:28":2,"s:18:7:18:37":7,"b:19:1:19:Infinity:undefined:undefined:undefined:undefined":1,"s:19:1:19:Infinity":8,"s:19:19:19:Infinity":9,"s:21:15:29:Infinity":10,"s:31:7:31:27":11,"s:32:1:32:Infinity":12,"s:33:1:33:Infinity":13,"f:36:16:36:41":3,"s:37:7:37:37":14,"b:39:1:39:Infinity:undefined:undefined:undefined:undefined":2,"s:39:1:39:Infinity":15,"s:39:19:39:Infinity":16,"s:41:7:41:30":17,"s:42:20:43:Infinity":18,"f:42:30:42:Infinity":4,"s:43:11:43:Infinity":19,"s:46:1:46:Infinity":20,"f:49:16:49:Infinity":5,"s:54:7:54:30":21,"s:56:20:56:62":22,"f:56:30:56:41":6,"s:56:49:56:62":23,"b:57:1:57:Infinity:undefined:undefined:undefined:undefined":3,"s:57:1:57:Infinity":24,"s:57:24:57:Infinity":25,"s:59:17:63:Infinity":26,"s:65:1:65:Infinity":27,"s:66:1:66:Infinity":28,"s:68:1:68:Infinity":29,"f:71:16:71:28":7,"s:72:7:72:30":30,"s:74:1:74:Infinity":31,"f:74:22:74:30":8,"s:74:38:74:52":32,"f:77:16:77:30":9,"s:78:7:78:30":33,"s:79:20:79:62":34,"f:79:30:79:41":10,"s:79:49:79:62":35,"b:80:1:80:Infinity:undefined:undefined:undefined:undefined":4,"s:80:1:80:Infinity":36,"s:80:23:80:Infinity":37,"s:82:17:82:67":38,"s:83:1:83:Infinity":39,"s:85:1:85:Infinity":40}}}
,"C:\\Users\\user\\Desktop\\task-3-habit-tracker\\src\\lib\\slug.ts": {"path":"C:\\Users\\user\\Desktop\\task-3-habit-tracker\\src\\lib\\slug.ts","statementMap":{"0":{"start":{"line":2,"column":17},"end":{"line":6,"column":29}},"1":{"start":{"line":8,"column":1},"end":{"line":8,"column":null}}},"fnMap":{"0":{"name":"getHabitSlug","decl":{"start":{"line":1,"column":16},"end":{"line":1,"column":29}},"loc":{"start":{"line":1,"column":51},"end":{"line":8,"column":null}},"line":1}},"branchMap":{},"s":{"0":6,"1":6},"f":{"0":6},"b":{},"meta":{"lastBranch":0,"lastFunction":1,"lastStatement":2,"seen":{"f:1:16:1:29":0,"s:2:17:6:29":0,"s:8:1:8:Infinity":1}}}
,"C:\\Users\\user\\Desktop\\task-3-habit-tracker\\src\\lib\\storage.ts": {"path":"C:\\Users\\user\\Desktop\\task-3-habit-tracker\\src\\lib\\storage.ts","statementMap":{"0":{"start":{"line":5,"column":13},"end":{"line":9,"column":null}},"1":{"start":{"line":6,"column":1},"end":{"line":6,"column":null}},"2":{"start":{"line":6,"column":36},"end":{"line":6,"column":null}},"3":{"start":{"line":8,"column":18},"end":{"line":8,"column":59}},"4":{"start":{"line":9,"column":1},"end":{"line":9,"column":null}},"5":{"start":{"line":12,"column":13},"end":{"line":13,"column":null}},"6":{"start":{"line":13,"column":1},"end":{"line":13,"column":null}},"7":{"start":{"line":16,"column":13},"end":{"line":20,"column":null}},"8":{"start":{"line":17,"column":1},"end":{"line":17,"column":null}},"9":{"start":{"line":17,"column":36},"end":{"line":17,"column":null}},"10":{"start":{"line":19,"column":21},"end":{"line":19,"column":65}},"11":{"start":{"line":20,"column":1},"end":{"line":20,"column":null}},"12":{"start":{"line":23,"column":13},"end":{"line":24,"column":null}},"13":{"start":{"line":24,"column":1},"end":{"line":24,"column":null}},"14":{"start":{"line":27,"column":13},"end":{"line":28,"column":null}},"15":{"start":{"line":28,"column":1},"end":{"line":28,"column":null}},"16":{"start":{"line":31,"column":13},"end":{"line":35,"column":null}},"17":{"start":{"line":32,"column":1},"end":{"line":32,"column":null}},"18":{"start":{"line":32,"column":36},"end":{"line":32,"column":null}},"19":{"start":{"line":34,"column":14},"end":{"line":34,"column":57}},"20":{"start":{"line":35,"column":1},"end":{"line":35,"column":null}},"21":{"start":{"line":38,"column":13},"end":{"line":39,"column":null}},"22":{"start":{"line":39,"column":1},"end":{"line":39,"column":null}}},"fnMap":{"0":{"name":"(anonymous_0)","decl":{"start":{"line":5,"column":13},"end":{"line":5,"column":41}},"loc":{"start":{"line":5,"column":41},"end":{"line":9,"column":null}},"line":5},"1":{"name":"(anonymous_1)","decl":{"start":{"line":12,"column":13},"end":{"line":12,"column":26}},"loc":{"start":{"line":12,"column":50},"end":{"line":13,"column":null}},"line":12},"2":{"name":"(anonymous_2)","decl":{"start":{"line":16,"column":13},"end":{"line":16,"column":52}},"loc":{"start":{"line":16,"column":52},"end":{"line":20,"column":null}},"line":16},"3":{"name":"(anonymous_3)","decl":{"start":{"line":23,"column":13},"end":{"line":23,"column":28}},"loc":{"start":{"line":23,"column":55},"end":{"line":24,"column":null}},"line":23},"4":{"name":"(anonymous_4)","decl":{"start":{"line":27,"column":13},"end":{"line":27,"column":40}},"loc":{"start":{"line":27,"column":40},"end":{"line":28,"column":null}},"line":27},"5":{"name":"(anonymous_5)","decl":{"start":{"line":31,"column":13},"end":{"line":31,"column":40}},"loc":{"start":{"line":31,"column":40},"end":{"line":35,"column":null}},"line":31},"6":{"name":"(anonymous_6)","decl":{"start":{"line":38,"column":13},"end":{"line":38,"column":27}},"loc":{"start":{"line":38,"column":53},"end":{"line":39,"column":null}},"line":38}},"branchMap":{"0":{"loc":{"start":{"line":6,"column":1},"end":{"line":6,"column":null}},"type":"if","locations":[{"start":{"line":6,"column":1},"end":{"line":6,"column":null}},{"start":{},"end":{}}],"line":6},"1":{"loc":{"start":{"line":9,"column":8},"end":{"line":9,"column":44}},"type":"cond-expr","locations":[{"start":{"line":9,"column":19},"end":{"line":9,"column":39}},{"start":{"line":9,"column":42},"end":{"line":9,"column":44}}],"line":9},"2":{"loc":{"start":{"line":17,"column":1},"end":{"line":17,"column":null}},"type":"if","locations":[{"start":{"line":17,"column":1},"end":{"line":17,"column":null}},{"start":{},"end":{}}],"line":17},"3":{"loc":{"start":{"line":20,"column":8},"end":{"line":20,"column":null}},"type":"cond-expr","locations":[{"start":{"line":20,"column":22},"end":{"line":20,"column":45}},{"start":{"line":20,"column":48},"end":{"line":20,"column":null}}],"line":20},"4":{"loc":{"start":{"line":32,"column":1},"end":{"line":32,"column":null}},"type":"if","locations":[{"start":{"line":32,"column":1},"end":{"line":32,"column":null}},{"start":{},"end":{}}],"line":32},"5":{"loc":{"start":{"line":35,"column":8},"end":{"line":35,"column":36}},"type":"cond-expr","locations":[{"start":{"line":35,"column":15},"end":{"line":35,"column":31}},{"start":{"line":35,"column":34},"end":{"line":35,"column":36}}],"line":35}},"s":{"0":3,"1":4,"2":0,"3":4,"4":4,"5":3,"6":1,"7":3,"8":8,"9":0,"10":8,"11":8,"12":3,"13":4,"14":3,"15":0,"16":3,"17":11,"18":0,"19":11,"20":11,"21":3,"22":4},"f":{"0":4,"1":1,"2":8,"3":4,"4":0,"5":11,"6":4},"b":{"0":[0,4],"1":[3,1],"2":[0,8],"3":[8,0],"4":[0,11],"5":[10,1]},"meta":{"lastBranch":6,"lastFunction":7,"lastStatement":23,"seen":{"s:5:13:9:Infinity":0,"f:5:13:5:41":0,"b:6:1:6:Infinity:undefined:undefined:undefined:undefined":0,"s:6:1:6:Infinity":1,"s:6:36:6:Infinity":2,"s:8:18:8:59":3,"s:9:1:9:Infinity":4,"b:9:19:9:39:9:42:9:44":1,"s:12:13:13:Infinity":5,"f:12:13:12:26":1,"s:13:1:13:Infinity":6,"s:16:13:20:Infinity":7,"f:16:13:16:52":2,"b:17:1:17:Infinity:undefined:undefined:undefined:undefined":2,"s:17:1:17:Infinity":8,"s:17:36:17:Infinity":9,"s:19:21:19:65":10,"s:20:1:20:Infinity":11,"b:20:22:20:45:20:48:20:Infinity":3,"s:23:13:24:Infinity":12,"f:23:13:23:28":3,"s:24:1:24:Infinity":13,"s:27:13:28:Infinity":14,"f:27:13:27:40":4,"s:28:1:28:Infinity":15,"s:31:13:35:Infinity":16,"f:31:13:31:40":5,"b:32:1:32:Infinity:undefined:undefined:undefined:undefined":4,"s:32:1:32:Infinity":17,"s:32:36:32:Infinity":18,"s:34:14:34:57":19,"s:35:1:35:Infinity":20,"b:35:15:35:31:35:34:35:36":5,"s:38:13:39:Infinity":21,"f:38:13:38:27":6,"s:39:1:39:Infinity":22}}}
,"C:\\Users\\user\\Desktop\\task-3-habit-tracker\\src\\lib\\streaks.ts": {"path":"C:\\Users\\user\\Desktop\\task-3-habit-tracker\\src\\lib\\streaks.ts","statementMap":{"0":{"start":{"line":5,"column":17},"end":{"line":5,"column":53}},"1":{"start":{"line":6,"column":23},"end":{"line":6,"column":null}},"2":{"start":{"line":8,"column":17},"end":{"line":8,"column":42}},"3":{"start":{"line":9,"column":1},"end":{"line":11,"column":null}},"4":{"start":{"line":10,"column":2},"end":{"line":10,"column":null}},"5":{"start":{"line":13,"column":19},"end":{"line":13,"column":37}},"6":{"start":{"line":14,"column":1},"end":{"line":14,"column":null}},"7":{"start":{"line":14,"column":36},"end":{"line":14,"column":null}},"8":{"start":{"line":16,"column":14},"end":{"line":16,"column":null}},"9":{"start":{"line":17,"column":17},"end":{"line":17,"column":40}},"10":{"start":{"line":30,"column":1},"end":{"line":37,"column":null}},"11":{"start":{"line":31,"column":22},"end":{"line":31,"column":null}},"12":{"start":{"line":33,"column":2},"end":{"line":37,"column":null}},"13":{"start":{"line":34,"column":3},"end":{"line":34,"column":null}},"14":{"start":{"line":35,"column":3},"end":{"line":35,"column":null}},"15":{"start":{"line":37,"column":3},"end":{"line":37,"column":null}},"16":{"start":{"line":41,"column":1},"end":{"line":41,"column":null}}},"fnMap":{"0":{"name":"calculateCurrentStreak","decl":{"start":{"line":1,"column":16},"end":{"line":1,"column":null}},"loc":{"start":{"line":4,"column":10},"end":{"line":41,"column":null}},"line":4},"1":{"name":"(anonymous_1)","decl":{"start":{"line":9,"column":23},"end":{"line":9,"column":29}},"loc":{"start":{"line":9,"column":38},"end":{"line":11,"column":null}},"line":9}},"branchMap":{"0":{"loc":{"start":{"line":5,"column":17},"end":{"line":5,"column":53}},"type":"cond-expr","locations":[{"start":{"line":5,"column":25},"end":{"line":5,"column":40}},{"start":{"line":5,"column":43},"end":{"line":5,"column":53}}],"line":5},"1":{"loc":{"start":{"line":14,"column":1},"end":{"line":14,"column":null}},"type":"if","locations":[{"start":{"line":14,"column":1},"end":{"line":14,"column":null}},{"start":{},"end":{}}],"line":14},"2":{"loc":{"start":{"line":33,"column":2},"end":{"line":37,"column":null}},"type":"if","locations":[{"start":{"line":33,"column":2},"end":{"line":37,"column":null}},{"start":{"line":36,"column":9},"end":{"line":37,"column":null}}],"line":33}},"s":{"0":9,"1":9,"2":9,"3":9,"4":7,"5":9,"6":9,"7":6,"8":3,"9":3,"10":3,"11":10,"12":10,"13":7,"14":7,"15":3,"16":3},"f":{"0":9,"1":7},"b":{"0":[4,5],"1":[6,3],"2":[7,3]},"meta":{"lastBranch":3,"lastFunction":2,"lastStatement":17,"seen":{"f:1:16:1:Infinity":0,"s:5:17:5:53":0,"b:5:25:5:40:5:43:5:53":0,"s:6:23:6:Infinity":1,"s:8:17:8:42":2,"s:9:1:11:Infinity":3,"f:9:23:9:29":1,"s:10:2:10:Infinity":4,"s:13:19:13:37":5,"b:14:1:14:Infinity:undefined:undefined:undefined:undefined":1,"s:14:1:14:Infinity":6,"s:14:36:14:Infinity":7,"s:16:14:16:Infinity":8,"s:17:17:17:40":9,"s:30:1:37:Infinity":10,"s:31:22:31:Infinity":11,"b:33:2:37:Infinity:36:9:37:Infinity":2,"s:33:2:37:Infinity":12,"s:34:3:34:Infinity":13,"s:35:3:35:Infinity":14,"s:37:3:37:Infinity":15,"s:41:1:41:Infinity":16}}}
,"C:\\Users\\user\\Desktop\\task-3-habit-tracker\\src\\lib\\validators.ts": {"path":"C:\\Users\\user\\Desktop\\task-3-habit-tracker\\src\\lib\\validators.ts","statementMap":{"0":{"start":{"line":6,"column":13},"end":{"line":6,"column":24}},"1":{"start":{"line":7,"column":13},"end":{"line":7,"column":null}},"2":{"start":{"line":9,"column":1},"end":{"line":12,"column":null}},"3":{"start":{"line":10,"column":2},"end":{"line":10,"column":null}},"4":{"start":{"line":11,"column":12},"end":{"line":12,"column":null}},"5":{"start":{"line":12,"column":2},"end":{"line":12,"column":null}},"6":{"start":{"line":15,"column":15},"end":{"line":15,"column":null}},"7":{"start":{"line":17,"column":1},"end":{"line":20,"column":null}},"8":{"start":{"line":18,"column":2},"end":{"line":18,"column":null}},"9":{"start":{"line":20,"column":2},"end":{"line":20,"column":null}},"10":{"start":{"line":23,"column":1},"end":{"line":27,"column":null}}},"fnMap":{"0":{"name":"validateHabitName","decl":{"start":{"line":1,"column":16},"end":{"line":1,"column":34}},"loc":{"start":{"line":5,"column":2},"end":{"line":27,"column":null}},"line":5}},"branchMap":{"0":{"loc":{"start":{"line":9,"column":1},"end":{"line":12,"column":null}},"type":"if","locations":[{"start":{"line":9,"column":1},"end":{"line":12,"column":null}},{"start":{"line":11,"column":12},"end":{"line":12,"column":null}}],"line":9},"1":{"loc":{"start":{"line":11,"column":12},"end":{"line":12,"column":null}},"type":"if","locations":[{"start":{"line":11,"column":12},"end":{"line":12,"column":null}},{"start":{},"end":{}}],"line":11},"2":{"loc":{"start":{"line":17,"column":1},"end":{"line":20,"column":null}},"type":"if","locations":[{"start":{"line":17,"column":1},"end":{"line":20,"column":null}},{"start":{"line":19,"column":8},"end":{"line":20,"column":null}}],"line":17}},"s":{"0":6,"1":6,"2":6,"3":2,"4":4,"5":1,"6":6,"7":6,"8":3,"9":3,"10":6},"f":{"0":6},"b":{"0":[2,4],"1":[1,3],"2":[3,3]},"meta":{"lastBranch":3,"lastFunction":1,"lastStatement":11,"seen":{"f:1:16:1:34":0,"s:6:13:6:24":0,"s:7:13:7:Infinity":1,"b:9:1:12:Infinity:11:12:12:Infinity":0,"s:9:1:12:Infinity":2,"s:10:2:10:Infinity":3,"b:11:12:12:Infinity:undefined:undefined:undefined:undefined":1,"s:11:12:12:Infinity":4,"s:12:2:12:Infinity":5,"s:15:15:15:Infinity":6,"b:17:1:20:Infinity:19:8:20:Infinity":2,"s:17:1:20:Infinity":7,"s:18:2:18:Infinity":8,"s:20:2:20:Infinity":9,"s:23:1:27:Infinity":10}}}
}
